[handleMsg]:  {
  key: {
    remoteJid: '573174254017@s.whatsapp.net',
    fromMe: false,
    id: '3EB05B3C60F5161C812CD9',
    participant: undefined
  },
  messageTimestamp: 1698164189,
  pushName: 'Jonathan Brito',
  broadcast: false,
  message: Message {
    extendedTextMessage: ExtendedTextMessage {
      text: 'hola',
      contextInfo: [ContextInfo],
      inviteLinkGroupTypeV2: 0
    },
    messageContextInfo: MessageContextInfo {
      deviceListMetadata: [DeviceListMetadata],
      deviceListMetadataVersion: 2
    }
  },
  body: 'hola',
  from: '573174254017'
}
[QUEUE_SE_ENVIO]:  {
  ref: 'ans_708f038b-94c6-4faf-88dc-4c6cfdfc7d9b',
  keyword: 'key_9d4d4ee3-4568-4b94-b55b-cc5490bc5bf1',
  answer: 'Bienvenido, en que te puedo colaborar?',
  options: {
    media: null,
    buttons: [],
    capture: false,
    child: null,
    delay: 0,
    idle: null,
    nested: [],
    keyword: {},
    callback: false
  },
  refSerialize: '02b53e17a406f615003f72397f594c08'
}
[QUEUE_SE_ENVIO]:  {
  ref: 'ans_343b1836-d009-4c8f-a994-b0210dade6fb',
  keyword: 'ans_708f038b-94c6-4faf-88dc-4c6cfdfc7d9b',
  answer: 'te comparto los siguientes links de interes sobre el proyecto\n' +
    '👉 *Servicios* para ver los servicios que se brindan\n' +
    '👉 *Calcular*  para hacer calculos sencillos\n' +
    '👉 *Soport* Comunicarte con un tecnico',
  options: {
    media: null,
    buttons: [],
    capture: false,
    child: null,
    delay: 0,
    idle: null,
    nested: [
      [Object], [Object],
      [Object], [Object],
      [Object], [Object],
      [Object], [Object]
    ],
    keyword: {},
    callback: false
  },
  refSerialize: 'b3ef5a0cad2de095c3c1be17eb337fe4'
}
[handleMsg]:  {
  key: {
    remoteJid: '573174254017@s.whatsapp.net',
    fromMe: false,
    id: '3EB0DC0F8FA990EA37AA12',
    participant: undefined
  },
  messageTimestamp: 1698164192,
  pushName: 'Jonathan Brito',
  broadcast: false,
  message: Message {
    extendedTextMessage: ExtendedTextMessage {
      text: 'calcular',
      contextInfo: [ContextInfo],
      inviteLinkGroupTypeV2: 0
    },
    messageContextInfo: MessageContextInfo {
      deviceListMetadata: [DeviceListMetadata],
      deviceListMetadataVersion: 2
    }
  },
  body: 'calcular',
  from: '573174254017'
}
[QUEUE_SE_ENVIO]:  {
  ref: 'ans_e06d51db-d20b-47e4-b77a-f1b7b2d3114c',
  keyword: 'key_56d7118c-169a-4790-a506-a5ffdad91774',
  answer: 'Buenas cuales son los datos que deseas calcular',
  options: {
    media: null,
    buttons: [],
    capture: false,
    child: null,
    delay: 0,
    idle: null,
    nested: [ [Object], [Object] ],
    keyword: {},
    callback: false
  },
  refSerialize: '411f8df01d24fbcff4add446af5dab90'
}
